<?xml version="1.0" encoding="UTF-8"?>
<!-- Generated by org.testng.reporters.JUnitXMLReporter -->
<testsuite ignored="0" hostname="DESKTOP-49S7QMJ" failures="2" tests="2" name="SafariTest" time="15.159" errors="0" timestamp="2024-07-25T00:30:55 CDT">
  <testcase classname="io.cucumber.testng.AbstractTestNGCucumberTests" name="runScenario" time="0.907">
    <failure type="java.lang.NullPointerException" message="Cannot invoke &amp;quot;org.openqa.selenium.WebDriver.get(String)&amp;quot; because &amp;quot;this.driver&amp;quot; is null">
      <![CDATA[java.lang.NullPointerException: Cannot invoke "org.openqa.selenium.WebDriver.get(String)" because "this.driver" is null
at StepDefinitions.LoginPageSteps.user_gives_correct_website_link(LoginPageSteps.java:63)
at ✽.User gives correct website link(file:///C:/Users/mahaj/git/repository/orangeHRM/src/test/resources/Features/A.loginPage.feature:4)
]]>
    </failure>
  </testcase> <!-- runScenario -->
  <testcase classname="io.cucumber.testng.AbstractTestNGCucumberTests" name="runScenario" time="1.608">
    <failure type="java.lang.NullPointerException" message="Cannot invoke &amp;quot;org.openqa.selenium.WebDriver.findElement(org.openqa.selenium.By)&amp;quot; because &amp;quot;this.driver&amp;quot; is null">
      <![CDATA[java.lang.NullPointerException: Cannot invoke "org.openqa.selenium.WebDriver.findElement(org.openqa.selenium.By)" because "this.driver" is null
at pages.LoginPage.enterUserName(LoginPage.java:134)
at StepDefinitions.LoginPageSteps.user_enters_credentials_from_and(LoginPageSteps.java:121)
at ✽.user enters credentials from "login" and 0(file:///C:/Users/mahaj/git/repository/orangeHRM/src/test/resources/Features/A.loginPage.feature:39)
]]>
    </failure>
  </testcase> <!-- runScenario -->
</testsuite> <!-- SafariTest -->
