{"uuid":"4b7ab288-dd79-4a7e-b7b1-07da4fc3eb9f","name":"Scenario: Verify input descriptive test in username field","children":["ff9a5bf8-4a3f-4b9b-9440-b4fa31275404"],"befores":[{"name":"Hooks.Hooks.initialize()","status":"broken","statusDetails":{"known":false,"muted":false,"flaky":false,"message":"BEFORE is failed: WebDriver instance is not initialized!","trace":"java.lang.RuntimeException: WebDriver instance is not initialized!\r\n\tat Hooks.Hooks.initialize(Hooks.java:42)\r\n"},"stage":"finished","steps":[],"attachments":[],"parameters":[],"start":1721929078390,"stop":1721929078718}],"afters":[{"name":"Hooks.Hooks.tearDown(io.cucumber.java.Scenario)","status":"broken","statusDetails":{"known":false,"muted":false,"flaky":false,"message":"AFTER is failed: Cannot invoke \"org.openqa.selenium.TakesScreenshot.getScreenshotAs(org.openqa.selenium.OutputType)\" because \"this.driver\" is null","trace":"java.lang.NullPointerException: Cannot invoke \"org.openqa.selenium.TakesScreenshot.getScreenshotAs(org.openqa.selenium.OutputType)\" because \"this.driver\" is null\r\n\tat Hooks.Hooks.tearDown(Hooks.java:73)\r\n"},"stage":"finished","steps":[],"attachments":[],"parameters":[],"start":1721929078745,"stop":1721929078745}],"start":1721929078384,"stop":1721929078751}