{"uuid":"5f924a97-b4af-4bbe-b062-6ea36b1b0047","historyId":"a5318b6fdbaf231aa66038539599cf3f","fullName":"Login Page validations: Verify user is able to launch the website successfully","labels":[{"name":"host","value":"Sumathi_Laptop"},{"name":"thread","value":"14744@Sumathi_Laptop.TestNG-PoolService-0(99)"},{"name":"feature","value":"Login Page validations"},{"name":"story","value":"Verify user is able to launch the website successfully"},{"name":"suite","value":"Login Page validations"},{"name":"testClass","value":"Verify user is able to launch the website successfully"},{"name":"framework","value":"cucumber4jvm"},{"name":"language","value":"java"},{"name":"gherkin_uri","value":"file:///C:/Users/nsuma/OneDrive/Desktop/Team%204/orangeHRM/src/test/resources/Features/A.loginPage.feature"},{"name":"package","value":"src.test.resources.Features.A_loginPage_feature.Login Page validations"}],"links":[],"name":"Verify user is able to launch the website successfully","status":"failed","statusDetails":{"known":false,"muted":false,"flaky":false,"message":"expected [OrangeHRM] but found []","trace":"java.lang.AssertionError: expected [OrangeHRM] but found []\r\n\tat org.testng.Assert.fail(Assert.java:110)\r\n\tat org.testng.Assert.failNotEquals(Assert.java:1577)\r\n\tat org.testng.Assert.assertEqualsImpl(Assert.java:149)\r\n\tat org.testng.Assert.assertEquals(Assert.java:131)\r\n\tat org.testng.Assert.assertEquals(Assert.java:655)\r\n\tat org.testng.Assert.assertEquals(Assert.java:665)\r\n\tat StepDefinitions.LoginPageSteps.user_is_navigated_to_the_home_page_of_website(LoginPageSteps.java:48)\r\n\tat ✽.user is navigated to the home page of website(file:///C:/Users/nsuma/OneDrive/Desktop/Team%204/orangeHRM/src/test/resources/Features/A.loginPage.feature:7)\r\n"},"stage":"finished","steps":[{"name":"When  User gives correct website link","status":"passed","statusDetails":{"known":false,"muted":false,"flaky":false},"stage":"finished","steps":[],"attachments":[],"parameters":[],"start":1722440832983,"stop":1722440833014},{"name":"Then  user is navigated to the home page of website","status":"failed","statusDetails":{"known":false,"muted":false,"flaky":false,"message":"expected [OrangeHRM] but found []","trace":"java.lang.AssertionError: expected [OrangeHRM] but found []\r\n\tat org.testng.Assert.fail(Assert.java:110)\r\n\tat org.testng.Assert.failNotEquals(Assert.java:1577)\r\n\tat org.testng.Assert.assertEqualsImpl(Assert.java:149)\r\n\tat org.testng.Assert.assertEquals(Assert.java:131)\r\n\tat org.testng.Assert.assertEquals(Assert.java:655)\r\n\tat org.testng.Assert.assertEquals(Assert.java:665)\r\n\tat StepDefinitions.LoginPageSteps.user_is_navigated_to_the_home_page_of_website(LoginPageSteps.java:48)\r\n\tat ✽.user is navigated to the home page of website(file:///C:/Users/nsuma/OneDrive/Desktop/Team%204/orangeHRM/src/test/resources/Features/A.loginPage.feature:7)\r\n"},"stage":"finished","steps":[],"attachments":[],"parameters":[],"start":1722440833028,"stop":1722440833076}],"attachments":[],"parameters":[],"start":1722440832966,"stop":1722440833290}