{"uuid":"e0059d35-5b4c-4061-aa3d-8ddb14d8c599","name":"Scenario: Verify input descriptive test in username field","children":["e0cf6569-1c0f-496f-b1f9-accf5644349a"],"befores":[],"afters":[{"name":"Hooks.Hooks.quitBrowser()","status":"broken","statusDetails":{"known":false,"muted":false,"flaky":false,"message":"AFTER is failed: Cannot invoke \"org.openqa.selenium.WebDriver.quit()\" because \"Hooks.Hooks.driver\" is null","trace":"java.lang.NullPointerException: Cannot invoke \"org.openqa.selenium.WebDriver.quit()\" because \"Hooks.Hooks.driver\" is null\r\n\tat Hooks.Hooks.quitBrowser(Hooks.java:53)\r\n"},"stage":"finished","steps":[],"attachments":[],"parameters":[],"start":1722438605159,"stop":1722438605159},{"name":"Hooks.Hooks.tearDown(io.cucumber.java.Scenario)","status":"broken","statusDetails":{"known":false,"muted":false,"flaky":false,"message":"AFTER is failed: Cannot invoke \"org.openqa.selenium.TakesScreenshot.getScreenshotAs(org.openqa.selenium.OutputType)\" because \"Hooks.Hooks.driver\" is null","trace":"java.lang.NullPointerException: Cannot invoke \"org.openqa.selenium.TakesScreenshot.getScreenshotAs(org.openqa.selenium.OutputType)\" because \"Hooks.Hooks.driver\" is null\r\n\tat Hooks.Hooks.tearDown(Hooks.java:63)\r\n"},"stage":"finished","steps":[],"attachments":[],"parameters":[],"start":1722438605163,"stop":1722438605163}],"start":1722438600027,"stop":1722438605163}